2021-05-06 10:42:46 - PHP Notice:  Undefined index: transaction_mode in /home/bloomfashionstyl/public_html/oc_boilerplate/admin/view/template/extension/payment/stripe_card_form.twig on line 63
2021-05-06 10:42:46 - PHP Notice:  Undefined index: _publishable_key in /home/bloomfashionstyl/public_html/oc_boilerplate/admin/view/template/extension/payment/stripe_card_form.twig on line 63
2021-05-14 11:43:01 - PHP Notice:  Undefined variable: text_loading in /home/bloomfashionstyl/public_html/oc_boilerplate/admin/view/template/catalog/category_list.tpl on line 7
2021-05-14 11:43:12 - PHP Notice:  Undefined variable: text_loading in /home/bloomfashionstyl/public_html/oc_boilerplate/admin/view/template/catalog/category_list.tpl on line 7
2021-05-14 14:16:13 - PHP Notice:  Undefined variable: text_loading in /home/bloomfashionstyl/public_html/oc_boilerplate/admin/view/template/catalog/category_list.tpl on line 7
2021-05-14 15:02:59 - PHP Notice:  Undefined variable: attribute_group in /home/bloomfashionstyl/public_html/oc_boilerplate/catalog/view/theme/default/template/product/product/product_options.tpl on line 65
2021-05-14 15:03:30 - PHP Notice:  Undefined variable: attribute_group in /home/bloomfashionstyl/public_html/oc_boilerplate/catalog/view/theme/default/template/product/product/product_options.tpl on line 65
2021-05-14 15:03:34 - PHP Notice:  Undefined variable: attribute_group in /home/bloomfashionstyl/public_html/oc_boilerplate/catalog/view/theme/default/template/product/product/product_options.tpl on line 65
2021-05-14 15:04:55 - PHP Notice:  Undefined variable: attribute_group in /home/bloomfashionstyl/public_html/oc_boilerplate/catalog/view/theme/default/template/product/product/product_options.tpl on line 65
2021-05-14 15:04:55 - PHP Notice:  Undefined variable: attribute_group in /home/bloomfashionstyl/public_html/oc_boilerplate/catalog/view/theme/default/template/product/product/product_options.tpl on line 66
2021-05-14 15:05:09 - PHP Notice:  Undefined variable: attribute_group in /home/bloomfashionstyl/public_html/oc_boilerplate/catalog/view/theme/default/template/product/product/product_options.tpl on line 65
2021-05-14 15:05:09 - PHP Notice:  Undefined variable: attribute_group in /home/bloomfashionstyl/public_html/oc_boilerplate/catalog/view/theme/default/template/product/product/product_options.tpl on line 66
2021-05-14 15:05:26 - PHP Notice:  Undefined variable: attribute_group in /home/bloomfashionstyl/public_html/oc_boilerplate/catalog/view/theme/default/template/product/product/product_options.tpl on line 65
2021-05-14 15:05:26 - PHP Notice:  Undefined variable: attribute_group in /home/bloomfashionstyl/public_html/oc_boilerplate/catalog/view/theme/default/template/product/product/product_options.tpl on line 66
2021-05-14 15:05:41 - PHP Notice:  Undefined variable: attribute_group in /home/bloomfashionstyl/public_html/oc_boilerplate/catalog/view/theme/default/template/product/product/product_options.tpl on line 65
2021-05-14 15:05:41 - PHP Notice:  Undefined variable: attribute_group in /home/bloomfashionstyl/public_html/oc_boilerplate/catalog/view/theme/default/template/product/product/product_options.tpl on line 66
2021-05-14 15:05:47 - PHP Notice:  Undefined variable: attribute_group in /home/bloomfashionstyl/public_html/oc_boilerplate/catalog/view/theme/default/template/product/product/product_options.tpl on line 65
2021-05-14 15:05:47 - PHP Notice:  Undefined variable: attribute_group in /home/bloomfashionstyl/public_html/oc_boilerplate/catalog/view/theme/default/template/product/product/product_options.tpl on line 66
2021-05-14 15:06:04 - PHP Notice:  Undefined variable: attribute_group in /home/bloomfashionstyl/public_html/oc_boilerplate/catalog/view/theme/default/template/product/product/product_options.tpl on line 66
2021-05-14 15:06:09 - PHP Notice:  Undefined variable: attribute_group in /home/bloomfashionstyl/public_html/oc_boilerplate/catalog/view/theme/default/template/product/product/product_options.tpl on line 66
2021-05-14 15:06:12 - PHP Notice:  Undefined variable: attribute_group in /home/bloomfashionstyl/public_html/oc_boilerplate/catalog/view/theme/default/template/product/product/product_options.tpl on line 65
2021-05-14 15:06:12 - PHP Notice:  Undefined variable: attribute_group in /home/bloomfashionstyl/public_html/oc_boilerplate/catalog/view/theme/default/template/product/product/product_options.tpl on line 66
2021-05-14 15:06:30 - PHP Notice:  Undefined variable: attribute_group in /home/bloomfashionstyl/public_html/oc_boilerplate/catalog/view/theme/default/template/product/product/product_options.tpl on line 65
2021-05-14 15:06:30 - PHP Notice:  Undefined variable: attribute_group in /home/bloomfashionstyl/public_html/oc_boilerplate/catalog/view/theme/default/template/product/product/product_options.tpl on line 66
2021-05-14 15:06:37 - PHP Notice:  Undefined variable: attribute in /home/bloomfashionstyl/public_html/oc_boilerplate/catalog/view/theme/default/template/product/product/product_options.tpl on line 65
2021-05-14 15:06:37 - PHP Notice:  Undefined variable: attribute_group in /home/bloomfashionstyl/public_html/oc_boilerplate/catalog/view/theme/default/template/product/product/product_options.tpl on line 66
2021-05-14 15:07:11 - PHP Notice:  Undefined variable: attribute in /home/bloomfashionstyl/public_html/oc_boilerplate/catalog/view/theme/default/template/product/product/product_options.tpl on line 65
2021-05-14 15:07:11 - PHP Notice:  Undefined variable: attribute_group in /home/bloomfashionstyl/public_html/oc_boilerplate/catalog/view/theme/default/template/product/product/product_options.tpl on line 66
2021-05-14 15:07:12 - PHP Notice:  Undefined variable: attribute_group in /home/bloomfashionstyl/public_html/oc_boilerplate/catalog/view/theme/default/template/product/product/product_options.tpl on line 66
2021-05-14 15:07:49 - PHP Notice:  Undefined variable: og_price in /home/bloomfashionstyl/public_html/oc_boilerplate/catalog/view/theme/default/template/common/header/_head_meta.tpl on line 53
2021-05-14 15:07:49 - PHP Notice:  Undefined variable: og_currency in /home/bloomfashionstyl/public_html/oc_boilerplate/catalog/view/theme/default/template/common/header/_head_meta.tpl on line 54
2021-05-14 15:07:49 - PHP Notice:  Undefined variable: og_brand in /home/bloomfashionstyl/public_html/oc_boilerplate/catalog/view/theme/default/template/common/header/_head_meta.tpl on line 55
2021-05-14 15:07:49 - PHP Notice:  Undefined variable: og_availability in /home/bloomfashionstyl/public_html/oc_boilerplate/catalog/view/theme/default/template/common/header/_head_meta.tpl on line 56
2021-05-14 15:07:49 - PHP Notice:  Undefined variable: og_price in /home/bloomfashionstyl/public_html/oc_boilerplate/catalog/view/theme/default/template/common/header/_head_meta.tpl on line 58
2021-05-14 15:07:49 - PHP Notice:  Undefined variable: og_currency in /home/bloomfashionstyl/public_html/oc_boilerplate/catalog/view/theme/default/template/common/header/_head_meta.tpl on line 59
2021-05-14 15:07:49 - PHP Notice:  Undefined variable: og_retailer_id in /home/bloomfashionstyl/public_html/oc_boilerplate/catalog/view/theme/default/template/common/header/_head_meta.tpl on line 60
2021-05-14 15:07:59 - PHP Notice:  Undefined index: quantity in /home/bloomfashionstyl/public_html/oc_boilerplate/catalog/controller/product/product.php on line 1452
2021-05-14 15:07:59 - PHP Warning:  Cannot modify header information - headers already sent by (output started at /home/bloomfashionstyl/public_html/oc_boilerplate/catalog/controller/startup/error.php:34) in /home/bloomfashionstyl/public_html/oc_boilerplate/system/library/response.php on line 60
2021-05-14 15:08:28 - PHP Notice:  Undefined variable: og_price in /home/bloomfashionstyl/public_html/oc_boilerplate/catalog/view/theme/default/template/common/header/_head_meta.tpl on line 53
2021-05-14 15:08:28 - PHP Notice:  Undefined variable: og_currency in /home/bloomfashionstyl/public_html/oc_boilerplate/catalog/view/theme/default/template/common/header/_head_meta.tpl on line 54
2021-05-14 15:08:28 - PHP Notice:  Undefined variable: og_brand in /home/bloomfashionstyl/public_html/oc_boilerplate/catalog/view/theme/default/template/common/header/_head_meta.tpl on line 55
2021-05-14 15:08:28 - PHP Notice:  Undefined variable: og_availability in /home/bloomfashionstyl/public_html/oc_boilerplate/catalog/view/theme/default/template/common/header/_head_meta.tpl on line 56
2021-05-14 15:08:28 - PHP Notice:  Undefined variable: og_price in /home/bloomfashionstyl/public_html/oc_boilerplate/catalog/view/theme/default/template/common/header/_head_meta.tpl on line 58
2021-05-14 15:08:28 - PHP Notice:  Undefined variable: og_currency in /home/bloomfashionstyl/public_html/oc_boilerplate/catalog/view/theme/default/template/common/header/_head_meta.tpl on line 59
2021-05-14 15:08:28 - PHP Notice:  Undefined variable: og_retailer_id in /home/bloomfashionstyl/public_html/oc_boilerplate/catalog/view/theme/default/template/common/header/_head_meta.tpl on line 60
2021-05-14 15:08:32 - PHP Notice:  Undefined variable: og_price in /home/bloomfashionstyl/public_html/oc_boilerplate/catalog/view/theme/default/template/common/header/_head_meta.tpl on line 53
2021-05-14 15:08:32 - PHP Notice:  Undefined variable: og_currency in /home/bloomfashionstyl/public_html/oc_boilerplate/catalog/view/theme/default/template/common/header/_head_meta.tpl on line 54
2021-05-14 15:08:32 - PHP Notice:  Undefined variable: og_brand in /home/bloomfashionstyl/public_html/oc_boilerplate/catalog/view/theme/default/template/common/header/_head_meta.tpl on line 55
2021-05-14 15:08:32 - PHP Notice:  Undefined variable: og_availability in /home/bloomfashionstyl/public_html/oc_boilerplate/catalog/view/theme/default/template/common/header/_head_meta.tpl on line 56
2021-05-14 15:08:32 - PHP Notice:  Undefined variable: og_price in /home/bloomfashionstyl/public_html/oc_boilerplate/catalog/view/theme/default/template/common/header/_head_meta.tpl on line 58
2021-05-14 15:08:32 - PHP Notice:  Undefined variable: og_currency in /home/bloomfashionstyl/public_html/oc_boilerplate/catalog/view/theme/default/template/common/header/_head_meta.tpl on line 59
2021-05-14 15:08:32 - PHP Notice:  Undefined variable: og_retailer_id in /home/bloomfashionstyl/public_html/oc_boilerplate/catalog/view/theme/default/template/common/header/_head_meta.tpl on line 60
2021-05-14 15:08:59 - PHP Notice:  Undefined variable: og_price in /home/bloomfashionstyl/public_html/oc_boilerplate/catalog/view/theme/default/template/common/header/_head_meta.tpl on line 53
2021-05-14 15:08:59 - PHP Notice:  Undefined variable: og_currency in /home/bloomfashionstyl/public_html/oc_boilerplate/catalog/view/theme/default/template/common/header/_head_meta.tpl on line 54
2021-05-14 15:08:59 - PHP Notice:  Undefined variable: og_brand in /home/bloomfashionstyl/public_html/oc_boilerplate/catalog/view/theme/default/template/common/header/_head_meta.tpl on line 55
2021-05-14 15:08:59 - PHP Notice:  Undefined variable: og_availability in /home/bloomfashionstyl/public_html/oc_boilerplate/catalog/view/theme/default/template/common/header/_head_meta.tpl on line 56
2021-05-14 15:08:59 - PHP Notice:  Undefined variable: og_price in /home/bloomfashionstyl/public_html/oc_boilerplate/catalog/view/theme/default/template/common/header/_head_meta.tpl on line 58
2021-05-14 15:08:59 - PHP Notice:  Undefined variable: og_currency in /home/bloomfashionstyl/public_html/oc_boilerplate/catalog/view/theme/default/template/common/header/_head_meta.tpl on line 59
2021-05-14 15:08:59 - PHP Notice:  Undefined variable: og_retailer_id in /home/bloomfashionstyl/public_html/oc_boilerplate/catalog/view/theme/default/template/common/header/_head_meta.tpl on line 60
2021-05-14 15:09:41 - PHP Notice:  Undefined variable: attribute_group in /home/bloomfashionstyl/public_html/oc_boilerplate/catalog/view/theme/default/template/product/product/product_options.tpl on line 65
2021-05-14 15:17:30 - PHP Notice:  Undefined index: quantity in /home/bloomfashionstyl/public_html/oc_boilerplate/catalog/controller/product/product.php on line 1452
2021-05-14 15:17:30 - PHP Warning:  Cannot modify header information - headers already sent by (output started at /home/bloomfashionstyl/public_html/oc_boilerplate/catalog/controller/startup/error.php:34) in /home/bloomfashionstyl/public_html/oc_boilerplate/system/library/response.php on line 60
2021-05-14 15:17:30 - PHP Notice:  Undefined variable: og_price in /home/bloomfashionstyl/public_html/oc_boilerplate/catalog/view/theme/default/template/common/header/_head_meta.tpl on line 53
2021-05-14 15:17:30 - PHP Notice:  Undefined variable: og_currency in /home/bloomfashionstyl/public_html/oc_boilerplate/catalog/view/theme/default/template/common/header/_head_meta.tpl on line 54
2021-05-14 15:17:30 - PHP Notice:  Undefined variable: og_brand in /home/bloomfashionstyl/public_html/oc_boilerplate/catalog/view/theme/default/template/common/header/_head_meta.tpl on line 55
2021-05-14 15:17:30 - PHP Notice:  Undefined variable: og_availability in /home/bloomfashionstyl/public_html/oc_boilerplate/catalog/view/theme/default/template/common/header/_head_meta.tpl on line 56
2021-05-14 15:17:30 - PHP Notice:  Undefined variable: og_price in /home/bloomfashionstyl/public_html/oc_boilerplate/catalog/view/theme/default/template/common/header/_head_meta.tpl on line 58
2021-05-14 15:17:30 - PHP Notice:  Undefined variable: og_currency in /home/bloomfashionstyl/public_html/oc_boilerplate/catalog/view/theme/default/template/common/header/_head_meta.tpl on line 59
2021-05-14 15:17:30 - PHP Notice:  Undefined variable: og_retailer_id in /home/bloomfashionstyl/public_html/oc_boilerplate/catalog/view/theme/default/template/common/header/_head_meta.tpl on line 60
2021-05-14 15:18:58 - PHP Notice:  Undefined variable: attribute_group in /home/bloomfashionstyl/public_html/oc_boilerplate/catalog/view/theme/default/template/product/product/product_options.tpl on line 66
2021-05-14 15:19:33 - PHP Notice:  Undefined variable: attribute_group in /home/bloomfashionstyl/public_html/oc_boilerplate/catalog/view/theme/default/template/product/product/product_options.tpl on line 66
2021-05-14 15:19:44 - PHP Notice:  Undefined variable: attribute_group in /home/bloomfashionstyl/public_html/oc_boilerplate/catalog/view/theme/default/template/product/product/product_options.tpl on line 66
2021-05-14 15:20:39 - PHP Notice:  Undefined variable: attribute_group in /home/bloomfashionstyl/public_html/oc_boilerplate/catalog/view/theme/default/template/product/product/product_options.tpl on line 66
2021-05-14 15:20:53 - PHP Notice:  Undefined variable: attribute_group in /home/bloomfashionstyl/public_html/oc_boilerplate/catalog/view/theme/default/template/product/product/product_options.tpl on line 66
2021-05-14 15:20:56 - PHP Notice:  Undefined variable: attribute_group in /home/bloomfashionstyl/public_html/oc_boilerplate/catalog/view/theme/default/template/product/product/product_options.tpl on line 66
2021-05-14 15:21:11 - PHP Notice:  Undefined variable: attribute_group in /home/bloomfashionstyl/public_html/oc_boilerplate/catalog/view/theme/default/template/product/product/product_options.tpl on line 66
2021-05-14 15:22:14 - PHP Notice:  Undefined variable: attribute_group in /home/bloomfashionstyl/public_html/oc_boilerplate/catalog/view/theme/default/template/product/product/product_options.tpl on line 66
2021-05-14 16:37:02 - PHP Notice:  Undefined index: quantity in /home/bloomfashionstyl/public_html/oc_boilerplate/catalog/controller/product/product.php on line 1452
2021-05-14 16:37:02 - PHP Warning:  Cannot modify header information - headers already sent by (output started at /home/bloomfashionstyl/public_html/oc_boilerplate/catalog/controller/startup/error.php:34) in /home/bloomfashionstyl/public_html/oc_boilerplate/system/library/response.php on line 60
2021-05-14 16:37:20 - PHP Notice:  Undefined index: quantity in /home/bloomfashionstyl/public_html/oc_boilerplate/catalog/controller/product/product.php on line 1452
2021-05-14 16:37:20 - PHP Warning:  Cannot modify header information - headers already sent by (output started at /home/bloomfashionstyl/public_html/oc_boilerplate/catalog/controller/startup/error.php:34) in /home/bloomfashionstyl/public_html/oc_boilerplate/system/library/response.php on line 60
2021-05-14 16:37:47 - PHP Notice:  Undefined index: quantity in /home/bloomfashionstyl/public_html/oc_boilerplate/catalog/controller/product/product.php on line 1452
2021-05-14 16:37:47 - PHP Warning:  Cannot modify header information - headers already sent by (output started at /home/bloomfashionstyl/public_html/oc_boilerplate/catalog/controller/startup/error.php:34) in /home/bloomfashionstyl/public_html/oc_boilerplate/system/library/response.php on line 60
2021-05-14 22:00:37 - PHP Notice:  Undefined variable: text_loading in /home/bloomfashionstyl/public_html/oc_boilerplate/admin/view/template/catalog/category_list.tpl on line 7
2021-05-14 22:02:16 - PHP Notice:  Undefined variable: text_loading in /home/bloomfashionstyl/public_html/oc_boilerplate/admin/view/template/catalog/category_list.tpl on line 7
2021-05-14 22:02:55 - PHP Notice:  Undefined variable: text_loading in /home/bloomfashionstyl/public_html/oc_boilerplate/admin/view/template/catalog/category_list.tpl on line 7
2021-05-14 22:03:07 - PHP Notice:  Undefined variable: text_loading in /home/bloomfashionstyl/public_html/oc_boilerplate/admin/view/template/catalog/category_list.tpl on line 7
2021-05-16 16:05:49 - PHP Notice:  A non well formed numeric value encountered in /home/bloomfashionstyl/public_html/oc_boilerplate/system/library/template/Twig/Environment.php(403) : eval()'d code on line 119
2021-05-16 16:05:49 - PHP Notice:  A non well formed numeric value encountered in /home/bloomfashionstyl/public_html/oc_boilerplate/system/library/template/Twig/Environment.php(403) : eval()'d code on line 123
2021-05-16 16:05:49 - PHP Notice:  A non well formed numeric value encountered in /home/bloomfashionstyl/public_html/oc_boilerplate/system/library/template/Twig/Environment.php(403) : eval()'d code on line 127
2021-05-16 16:05:49 - PHP Notice:  A non well formed numeric value encountered in /home/bloomfashionstyl/public_html/oc_boilerplate/system/library/template/Twig/Environment.php(403) : eval()'d code on line 131
2021-05-16 16:52:59 - PHP Notice:  Undefined variable: help_display_option_product_list in /home/bloomfashionstyl/public_html/oc_boilerplate/admin/view/template/setting/setting.tpl on line 490
2021-05-16 16:52:59 - PHP Notice:  Undefined variable: help_cart_weight in /home/bloomfashionstyl/public_html/oc_boilerplate/admin/view/template/setting/setting.tpl on line 932
2021-05-16 17:03:28 - PHP Notice:  A non well formed numeric value encountered in /home/bloomfashionstyl/public_html/oc_boilerplate/system/library/template/Twig/Environment.php(403) : eval()'d code on line 119
2021-05-16 17:03:28 - PHP Notice:  A non well formed numeric value encountered in /home/bloomfashionstyl/public_html/oc_boilerplate/system/library/template/Twig/Environment.php(403) : eval()'d code on line 123
2021-05-16 17:03:28 - PHP Notice:  A non well formed numeric value encountered in /home/bloomfashionstyl/public_html/oc_boilerplate/system/library/template/Twig/Environment.php(403) : eval()'d code on line 127
2021-05-16 17:03:28 - PHP Notice:  A non well formed numeric value encountered in /home/bloomfashionstyl/public_html/oc_boilerplate/system/library/template/Twig/Environment.php(403) : eval()'d code on line 131
2021-05-16 17:21:50 - PHP Notice:  Undefined variable: text_loading in /home/bloomfashionstyl/public_html/oc_boilerplate/admin/view/template/catalog/category_list.tpl on line 7
2021-05-17 15:39:49 - PHP Notice:  Undefined variable: help_display_option_product_list in /home/bloomfashionstyl/public_html/oc_boilerplate/admin/view/template/setting/setting.tpl on line 490
2021-05-17 15:39:49 - PHP Notice:  Undefined variable: help_cart_weight in /home/bloomfashionstyl/public_html/oc_boilerplate/admin/view/template/setting/setting.tpl on line 932
2021-05-17 15:53:19 - PHP Notice:  Undefined variable: help_display_option_product_list in /home/bloomfashionstyl/public_html/oc_boilerplate/admin/view/template/setting/setting.tpl on line 490
2021-05-17 15:53:19 - PHP Notice:  Undefined variable: help_cart_weight in /home/bloomfashionstyl/public_html/oc_boilerplate/admin/view/template/setting/setting.tpl on line 932
2021-05-17 15:53:47 - PHP Notice:  Undefined variable: help_display_option_product_list in /home/bloomfashionstyl/public_html/oc_boilerplate/admin/view/template/setting/setting.tpl on line 490
2021-05-17 15:53:47 - PHP Notice:  Undefined variable: help_cart_weight in /home/bloomfashionstyl/public_html/oc_boilerplate/admin/view/template/setting/setting.tpl on line 932
2021-05-17 15:54:08 - PHP Notice:  Undefined variable: help_display_option_product_list in /home/bloomfashionstyl/public_html/oc_boilerplate/admin/view/template/setting/setting.tpl on line 490
2021-05-17 15:54:08 - PHP Notice:  Undefined variable: help_cart_weight in /home/bloomfashionstyl/public_html/oc_boilerplate/admin/view/template/setting/setting.tpl on line 932
2021-05-17 15:55:43 - PHP Notice:  Undefined variable: help_display_option_product_list in /home/bloomfashionstyl/public_html/oc_boilerplate/admin/view/template/setting/setting.tpl on line 490
2021-05-17 15:55:43 - PHP Notice:  Undefined variable: help_cart_weight in /home/bloomfashionstyl/public_html/oc_boilerplate/admin/view/template/setting/setting.tpl on line 932
2021-05-17 15:56:40 - PHP Notice:  Undefined variable: help_display_option_product_list in /home/bloomfashionstyl/public_html/oc_boilerplate/admin/view/template/setting/setting.tpl on line 490
2021-05-17 15:56:40 - PHP Notice:  Undefined variable: help_cart_weight in /home/bloomfashionstyl/public_html/oc_boilerplate/admin/view/template/setting/setting.tpl on line 932
2021-05-17 15:59:40 - PHP Notice:  Undefined variable: help_display_option_product_list in /home/bloomfashionstyl/public_html/oc_boilerplate/admin/view/template/setting/setting.tpl on line 490
2021-05-17 15:59:40 - PHP Notice:  Undefined variable: help_cart_weight in /home/bloomfashionstyl/public_html/oc_boilerplate/admin/view/template/setting/setting.tpl on line 932
2021-05-17 16:13:15 - PHP Notice:  Undefined variable: help_display_option_product_list in /home/bloomfashionstyl/public_html/oc_boilerplate/admin/view/template/setting/setting.tpl on line 490
2021-05-17 16:13:15 - PHP Notice:  Undefined variable: help_cart_weight in /home/bloomfashionstyl/public_html/oc_boilerplate/admin/view/template/setting/setting.tpl on line 932
2021-05-17 16:45:27 - PHP Notice:  Undefined variable: help_display_option_product_list in /home/bloomfashionstyl/public_html/oc_boilerplate/admin/view/template/setting/setting.tpl on line 490
2021-05-17 16:45:27 - PHP Notice:  Undefined variable: help_cart_weight in /home/bloomfashionstyl/public_html/oc_boilerplate/admin/view/template/setting/setting.tpl on line 932
2021-05-24 0:38:17 - PHP Notice:  Undefined index: quantity in /home/bloomfashionstyl/public_html/oc_boilerplate/catalog/controller/product/product.php on line 1452
2021-05-24 0:38:17 - PHP Warning:  Cannot modify header information - headers already sent by (output started at /home/bloomfashionstyl/public_html/oc_boilerplate/catalog/controller/startup/error.php:34) in /home/bloomfashionstyl/public_html/oc_boilerplate/system/library/response.php on line 60
2021-05-24 0:39:08 - PHP Notice:  Undefined index: quantity in /home/bloomfashionstyl/public_html/oc_boilerplate/catalog/controller/product/product.php on line 1452
2021-05-24 0:39:08 - PHP Warning:  Cannot modify header information - headers already sent by (output started at /home/bloomfashionstyl/public_html/oc_boilerplate/catalog/controller/startup/error.php:34) in /home/bloomfashionstyl/public_html/oc_boilerplate/system/library/response.php on line 60
2021-05-24 0:39:21 - PHP Notice:  Undefined index: quantity in /home/bloomfashionstyl/public_html/oc_boilerplate/catalog/controller/product/product.php on line 1452
2021-05-24 0:39:21 - PHP Warning:  Cannot modify header information - headers already sent by (output started at /home/bloomfashionstyl/public_html/oc_boilerplate/catalog/controller/startup/error.php:34) in /home/bloomfashionstyl/public_html/oc_boilerplate/system/library/response.php on line 60
2021-05-24 0:40:15 - PHP Notice:  Undefined index: quantity in /home/bloomfashionstyl/public_html/oc_boilerplate/catalog/controller/product/product.php on line 1452
2021-05-24 0:40:15 - PHP Warning:  Cannot modify header information - headers already sent by (output started at /home/bloomfashionstyl/public_html/oc_boilerplate/catalog/controller/startup/error.php:34) in /home/bloomfashionstyl/public_html/oc_boilerplate/system/library/response.php on line 60
2021-05-24 0:45:49 - PHP Notice:  Undefined index: quantity in /home/bloomfashionstyl/public_html/oc_boilerplate/catalog/controller/product/product.php on line 1452
2021-05-24 0:45:49 - PHP Warning:  Cannot modify header information - headers already sent by (output started at /home/bloomfashionstyl/public_html/oc_boilerplate/catalog/controller/startup/error.php:34) in /home/bloomfashionstyl/public_html/oc_boilerplate/system/library/response.php on line 60
2021-05-24 0:47:02 - PHP Notice:  Undefined index: quantity in /home/bloomfashionstyl/public_html/oc_boilerplate/catalog/controller/product/product.php on line 1452
2021-05-24 0:47:02 - PHP Warning:  Cannot modify header information - headers already sent by (output started at /home/bloomfashionstyl/public_html/oc_boilerplate/catalog/controller/startup/error.php:34) in /home/bloomfashionstyl/public_html/oc_boilerplate/system/library/response.php on line 60
2021-05-24 2:36:13 - PHP Notice:  Undefined index: quantity in /home/bloomfashionstyl/public_html/oc_boilerplate/catalog/controller/product/product.php on line 1452
2021-05-24 2:36:13 - PHP Warning:  Cannot modify header information - headers already sent by (output started at /home/bloomfashionstyl/public_html/oc_boilerplate/catalog/controller/startup/error.php:34) in /home/bloomfashionstyl/public_html/oc_boilerplate/system/library/response.php on line 60
2021-05-24 5:19:25 - PHP Notice:  Undefined index: quantity in /home/bloomfashionstyl/public_html/oc_boilerplate/catalog/controller/product/product.php on line 1452
2021-05-24 5:19:25 - PHP Warning:  Cannot modify header information - headers already sent by (output started at /home/bloomfashionstyl/public_html/oc_boilerplate/catalog/controller/startup/error.php:34) in /home/bloomfashionstyl/public_html/oc_boilerplate/system/library/response.php on line 60
2021-06-10 16:55:03 - PHP Notice:  Undefined variable: help_display_option_product_list in /home/bloomfashionstyl/public_html/oc_boilerplate/admin/view/template/setting/setting.tpl on line 490
2021-06-10 16:55:03 - PHP Notice:  Undefined variable: help_cart_weight in /home/bloomfashionstyl/public_html/oc_boilerplate/admin/view/template/setting/setting.tpl on line 932
