2021-05-14 11:30:14 - Delete for products - 15,16,17
2021-05-14 11:41:47 - Delete for products - 58,59,60
2021-05-14 14:28:12 - Sync for product 61
2021-05-14 14:29:48 - Sync for product 61
2021-05-14 14:50:47 - Sync for product 61
2021-05-14 14:50:58 - Sync for product 61
2021-05-14 14:52:06 - Sync for product 61
2021-05-14 14:52:15 - Sync for product 61
2021-05-14 15:00:35 - Sync for product 61
2021-05-14 15:02:51 - Sync for product 61
2021-05-14 15:04:00 - Delete for products - 18,20,19,21,23,22,25,24,26,27,28,29,31,30,32,34,33,36,38
2021-05-14 15:04:22 - Delete for products - 35,37,39,41,40,42,43,44,45,46,47,48,49
2021-05-14 15:04:32 - Delete for products - 50,51,52,53,54
2021-05-14 15:06:06 - Sync for product 61
2021-05-14 15:06:28 - Sync for product 61
2021-05-14 15:07:09 - Sync for product 61
2021-05-14 15:07:39 - Delete for products - 61
2021-05-14 15:08:27 - Sync for product 62
2021-05-14 15:14:27 - Sync for product 62
2021-05-14 15:24:40 - Sync for product 63
2021-05-14 15:30:10 - Sync for product 64
2021-05-14 15:31:44 - Sync for product 65
2021-05-14 15:32:29 - Sync for product 67
2021-05-14 15:34:31 - Sync for product 63
2021-05-14 15:35:43 - Sync for product 63
2021-05-14 15:37:53 - Sync for product 66
2021-05-14 15:38:42 - Sync for product 68
2021-05-14 15:39:49 - Sync for product 69
2021-05-14 15:41:15 - Sync for product 71
2021-05-14 15:41:25 - Sync for product 71
2021-05-14 15:43:48 - Sync for product 71
2021-05-14 15:44:04 - Sync for product 71
2021-05-14 15:44:22 - Sync for product 69
2021-05-14 15:45:49 - Sync for product 72
2021-05-14 15:46:29 - Sync for product 73
2021-05-14 15:49:04 - Sync for product 70
2021-05-14 15:50:55 - Sync for product 74
2021-05-14 15:52:17 - Sync for product 74
2021-05-14 15:53:05 - Sync for product 74
2021-05-14 15:53:28 - Sync for product 70
2021-05-14 15:55:28 - Sync for product 69
2021-05-14 16:00:09 - Sync for product 75
2021-05-14 16:01:18 - Sync for product 74
2021-05-14 16:01:28 - Sync for product 70
2021-05-14 16:02:57 - Sync for product 76
2021-05-14 16:15:05 - Sync for product 77
2021-05-14 16:56:48 - Sync for product 63
2021-05-14 16:56:57 - Delete for products - 64,62
2021-05-14 16:57:41 - Sync for product 63
2021-05-14 16:58:04 - Sync for product 63
2021-05-14 17:00:06 - Sync for product 67
2021-05-14 17:00:35 - Sync for product 67
2021-05-14 17:00:42 - Delete for products - 65
2021-05-14 17:00:53 - Sync for product 63
2021-05-14 17:02:06 - Sync for product 66
2021-05-14 17:02:11 - Sync for product 66
2021-05-14 17:02:47 - Sync for product 66
2021-05-14 17:02:52 - Delete for products - 68
2021-05-14 17:05:09 - Sync for product 72
2021-05-14 17:05:16 - Sync for product 72
2021-05-14 17:06:08 - Sync for product 72
2021-05-14 17:06:26 - Sync for product 72
2021-05-14 17:06:33 - Delete for products - 71,73,69
2021-05-14 17:07:40 - Sync for product 74
2021-05-14 17:08:07 - Sync for product 72
2021-05-14 17:08:14 - Delete for products - 70
2021-05-14 17:08:45 - Sync for product 74
2021-05-14 17:09:01 - Delete for products - 78
2021-05-14 17:09:45 - Sync for product 75
2021-05-14 17:09:53 - Delete for products - 77,76
2021-05-14 17:10:34 - Sync for product 75
2021-05-14 17:37:11 - Sync for product 75
2021-05-14 17:40:22 - Sync for product 79
2021-05-14 17:40:44 - Sync for product 75
2021-05-14 17:41:37 - Sync for product 79
2021-05-14 17:42:25 - Sync for product 79
2021-05-14 17:44:49 - Sync for product 80
2021-05-14 17:47:08 - Sync for product 81
2021-05-14 17:48:17 - Sync for product 81
2021-05-14 17:49:46 - Sync for product 82
2021-05-14 17:51:34 - Sync for product 82
2021-05-14 21:56:21 - Sync for product 56
2021-05-16 17:00:30 - Sync for product 63
2021-05-16 17:00:47 - Sync for product 63
2021-05-16 17:08:55 - Sync for product 63
2021-05-16 17:09:18 - Sync for product 67
2021-05-16 17:09:40 - Sync for product 66
2021-05-16 17:12:21 - Sync for product 72
2021-05-16 17:12:52 - Sync for product 72
2021-05-16 17:13:25 - Sync for product 74
2021-05-16 17:14:54 - Sync for product 75
2021-05-16 17:15:28 - Sync for product 79
2021-05-16 17:15:51 - Sync for product 80
2021-05-16 17:16:16 - Sync for product 81
2021-05-16 17:16:56 - Sync for product 82
2021-05-16 18:58:18 - Sync for product 63
2021-05-17 15:10:22 - Sync for product 63
2021-05-17 15:16:47 - Delete for products - 1,5,8,9,2,6,10,11,4,3
2021-05-17 15:16:57 - Delete for products - 7,12,13,14
2021-05-23 20:57:14 - Sync for product 83
2021-05-23 20:57:23 - Sync for product 83
2021-05-23 21:30:12 - Sync for product 84
2021-05-23 21:31:32 - Sync for product 85
2021-05-23 21:31:44 - Sync for product 85
2021-05-24 0:39:04 - Sync for product 83
2021-05-24 0:40:00 - Sync for product 84
2021-05-24 0:40:04 - Sync for product 84
